Arguments: 
  /Users/suyashlale/.nvm/versions/node/v14.12.0/bin/node /Users/suyashlale/.yarn/bin/yarn.js init

PATH: 
  /Users/suyashlale/.yarn/bin:/Users/suyashlale/.config/yarn/global/node_modules/.bin:/Users/suyashlale/.nvm/versions/node/v14.12.0/bin:/usr/local/bin:/usr/bin:/bin:/usr/sbin:/sbin:/Users/suyashlale/.yarn/bin:/Users/suyashlale/.config/yarn/global/node_modules/.bin:/Users/suyashlale/.nvm/versions/node/v14.12.0/bin

Yarn version: 
  1.22.5

Node version: 
  14.12.0

Platform: 
  darwin x64

Trace: 
  Error: canceled
      at Interface.<anonymous> (/Users/suyashlale/.yarn/lib/cli.js:137009:13)
      at Interface.emit (events.js:314:20)
      at Interface._ttyWrite (readline.js:875:16)
      at ReadStream.onkeypress (readline.js:213:10)
      at ReadStream.emit (events.js:314:20)
      at emitKeys (internal/readline/utils.js:344:14)
      at emitKeys.next (<anonymous>)
      at ReadStream.onData (readline.js:1144:36)
      at ReadStream.emit (events.js:314:20)
      at addChunk (_stream_readable.js:307:12)

npm manifest: 
  No manifest

yarn manifest: 
  No manifest

Lockfile: 
  No lockfile
